<?xml version="1.0" encoding="UTF-8"?>
<!-- Generated by org.testng.reporters.JUnitXMLReporter -->
<testsuite ignored="0" hostname="LAPTOP-2EFVOM3E" failures="0" tests="17" name="Surefire test" time="28.101" errors="0" timestamp="2024-07-05T23:06:49 IST">
  <testcase classname="api.test.DataDrivenTests" name="test_postUsers" time="3.82"/>
  <testcase classname="api.test.DataDrivenTests" name="test_postUsers" time="1.11"/>
  <testcase classname="api.test.DataDrivenTests" name="test_postUsers" time="1.96"/>
  <testcase classname="api.test.DataDrivenTests" name="test_getUsers" time="1.14"/>
  <testcase classname="api.test.DataDrivenTests" name="test_getUsers" time="1.188"/>
  <testcase classname="api.test.DataDrivenTests" name="test_getUsers" time="1.079"/>
  <testcase classname="api.test.DataDrivenTests" name="test_deleteUsers" time="1.156"/>
  <testcase classname="api.test.DataDrivenTests" name="test_deleteUsers" time="1.094"/>
  <testcase classname="api.test.DataDrivenTests" name="test_deleteUsers" time="1.173"/>
  <testcase classname="api.test.PetTests" name="test_pet_post_url" time="1.188"/>
  <testcase classname="api.test.PetTests" name="test_pet_get_url" time="1.126"/>
  <testcase classname="api.test.PetTests" name="test_pet_put_url" time="2.33"/>
  <testcase classname="api.test.PetTests" name="test_pet_delete_url" time="1.157"/>
  <testcase classname="api.test.UserTests" name="testPostUser" time="1.094"/>
  <testcase classname="api.test.UserTests" name="testGetUser" time="1.094"/>
  <testcase classname="api.test.UserTests" name="testUpdateUser" time="2.361"/>
  <testcase classname="api.test.UserTests" name="testDeleteUser" time="1.113"/>
</testsuite> <!-- Surefire test -->
