<?xml version="1.0" encoding="UTF-8"?>
<!-- Generated by org.testng.reporters.JUnitXMLReporter -->
<testsuite ignored="0" hostname="LAPTOP-2EFVOM3E" failures="0" tests="17" name="Surefire test" time="39.318" errors="0" timestamp="2024-07-05T21:17:17 IST">
  <testcase classname="api.test.DataDrivenTests" name="test_postUsers" time="6.788"/>
  <testcase classname="api.test.DataDrivenTests" name="test_postUsers" time="1.219"/>
  <testcase classname="api.test.DataDrivenTests" name="test_postUsers" time="1.658"/>
  <testcase classname="api.test.DataDrivenTests" name="test_getUsers" time="1.235"/>
  <testcase classname="api.test.DataDrivenTests" name="test_getUsers" time="1.397"/>
  <testcase classname="api.test.DataDrivenTests" name="test_getUsers" time="1.116"/>
  <testcase classname="api.test.DataDrivenTests" name="test_deleteUsers" time="1.221"/>
  <testcase classname="api.test.DataDrivenTests" name="test_deleteUsers" time="1.364"/>
  <testcase classname="api.test.DataDrivenTests" name="test_deleteUsers" time="1.146"/>
  <testcase classname="api.test.PetTests" name="test_pet_post_url" time="1.204"/>
  <testcase classname="api.test.PetTests" name="test_pet_get_url" time="1.174"/>
  <testcase classname="api.test.PetTests" name="test_pet_put_url" time="2.311"/>
  <testcase classname="api.test.PetTests" name="test_pet_delete_url" time="1.106"/>
  <testcase classname="api.test.UserTests" name="testPostUser" time="1.161"/>
  <testcase classname="api.test.UserTests" name="testGetUser" time="1.174"/>
  <testcase classname="api.test.UserTests" name="testUpdateUser" time="2.291"/>
  <testcase classname="api.test.UserTests" name="testDeleteUser" time="1.174"/>
</testsuite> <!-- Surefire test -->
