<?xml version="1.0" encoding="UTF-8"?>
<!-- Generated by org.testng.reporters.JUnitXMLReporter -->
<testsuite ignored="0" hostname="LAPTOP-2EFVOM3E" failures="0" tests="4" name="Default test" time="8.357" errors="0" timestamp="2024-07-05T19:16:33 IST">
  <testcase classname="api.test.PetTests" name="test_pet_post_url" time="3.409"/>
  <testcase classname="api.test.PetTests" name="test_pet_get_url" time="1.216"/>
  <testcase classname="api.test.PetTests" name="test_pet_put_url" time="2.373"/>
  <testcase classname="api.test.PetTests" name="test_pet_delete_url" time="1.167"/>
</testsuite> <!-- Default test -->
