<?xml version="1.0" encoding="UTF-8"?>
<testsuite xmlns:xsi="http://www.w3.org/2001/XMLSchema-instance" xsi:noNamespaceSchemaLocation="https://maven.apache.org/surefire/maven-surefire-plugin/xsd/surefire-test-report.xsd" version="3.0.1" name="TestSuite" time="41.982" tests="17" errors="0" skipped="0" failures="0">
  <properties>
[...]
</properties>
  <testcase name="test_postUsers[85777802, Ernie, Pacocha, sammie.wunsch, hal.kozey@example.com, leg0uww0uxtd, 716-721-7184](1)" classname="api.test.DataDrivenTests" time="6.788">
    <system-out><![CDATA[21:16:44.703 [main] DEBUG org.apache.poi.openxml4j.opc.PackageRelationshipCollection - Parsing relationship: /xl/_rels/workbook.xml.rels
21:16:44.734 [main] DEBUG org.apache.poi.openxml4j.opc.PackageRelationshipCollection - Parsing relationship: /_rels/.rels
21:16:45.940 [main] TRACE org.apache.xmlbeans.impl.common.XBeanDebug - Loading type system org.apache.poi.schemas.ooxml.system.ooxml
21:16:45.940 [main] TRACE org.apache.xmlbeans.impl.common.XBeanDebug - Loading type system org.apache.xmlbeans.metadata.system.sXMLCONFIG
21:16:45.940 [main] TRACE org.apache.xmlbeans.impl.common.XBeanDebug - Loading type system org.apache.xmlbeans.metadata.system.sXMLLANG
21:16:45.940 [main] TRACE org.apache.xmlbeans.impl.common.XBeanDebug - Loading type system org.apache.xmlbeans.metadata.system.sXMLSCHEMA
21:16:45.940 [main] TRACE org.apache.xmlbeans.impl.common.XBeanDebug - Loading type system org.apache.xmlbeans.metadata.system.sXMLTOOLS
21:16:45.955 [main] TRACE org.apache.xmlbeans.impl.common.XBeanDebug - Reading unresolved handles for type system org.apache.xmlbeans.metadata.system.sXMLTOOLS
21:16:46.002 [main] TRACE org.apache.xmlbeans.impl.common.XBeanDebug - Finished loading type system org.apache.xmlbeans.metadata.system.sXMLTOOLS
21:16:46.002 [main] TRACE org.apache.xmlbeans.impl.common.XBeanDebug - Reading unresolved handles for type system org.apache.xmlbeans.metadata.system.sXMLSCHEMA
21:16:46.002 [main] TRACE org.apache.xmlbeans.impl.common.XBeanDebug - Finished loading type system org.apache.xmlbeans.metadata.system.sXMLSCHEMA
21:16:46.018 [main] TRACE org.apache.xmlbeans.impl.common.XBeanDebug - Reading unresolved handles for type system org.apache.xmlbeans.metadata.system.sXMLLANG
21:16:46.018 [main] TRACE org.apache.xmlbeans.impl.common.XBeanDebug - Finished loading type system org.apache.xmlbeans.metadata.system.sXMLLANG
21:16:46.018 [main] TRACE org.apache.xmlbeans.impl.common.XBeanDebug - Reading unresolved handles for type system org.apache.xmlbeans.metadata.system.sXMLCONFIG
21:16:46.018 [main] TRACE org.apache.xmlbeans.impl.common.XBeanDebug - Finished loading type system org.apache.xmlbeans.metadata.system.sXMLCONFIG
21:16:46.018 [main] TRACE org.apache.xmlbeans.impl.common.XBeanDebug - Reading unresolved handles for type system org.apache.poi.schemas.ooxml.system.ooxml
21:16:46.127 [main] TRACE org.apache.xmlbeans.impl.common.XBeanDebug - Finished loading type system org.apache.poi.schemas.ooxml.system.ooxml
21:16:46.127 [main] TRACE org.apache.xmlbeans.impl.common.XBeanDebug - Resolving type for handle themefd26doctype
21:16:46.393 [main] TRACE org.apache.xmlbeans.impl.common.XBeanDebug - Resolving type for handle stylesheet5d8bdoctype
21:16:46.408 [main] TRACE org.apache.xmlbeans.impl.common.XBeanDebug - Resolving type for handle ctstylesheet4257type
21:16:46.534 [main] TRACE org.apache.xmlbeans.impl.common.XBeanDebug - Resolving type for handle ctfonts6623type
21:16:46.627 [main] TRACE org.apache.xmlbeans.impl.common.XBeanDebug - Resolving type for handle ctfont14d8type
21:16:46.705 [main] TRACE org.apache.xmlbeans.impl.common.XBeanDebug - Resolving type for handle ctfills2c6ftype
21:16:46.721 [main] TRACE org.apache.xmlbeans.impl.common.XBeanDebug - Resolving type for handle ctfill550ctype
21:16:46.721 [main] TRACE org.apache.xmlbeans.impl.common.XBeanDebug - Resolving type for handle ctborders0d66type
21:16:46.736 [main] TRACE org.apache.xmlbeans.impl.common.XBeanDebug - Resolving type for handle ctborderf935type
21:16:46.736 [main] TRACE org.apache.xmlbeans.impl.common.XBeanDebug - Resolving type for handle ctcellxfs1322type
21:16:46.752 [main] TRACE org.apache.xmlbeans.impl.common.XBeanDebug - Resolving type for handle ctxf97f7type
21:16:46.752 [main] TRACE org.apache.xmlbeans.impl.common.XBeanDebug - Resolving type for handle ctcellstylexfsa81ftype
21:16:46.752 [main] TRACE org.apache.xmlbeans.impl.common.XBeanDebug - Resolving type for handle ctdxfsb26atype
21:16:46.752 [main] TRACE org.apache.xmlbeans.impl.common.XBeanDebug - Resolving type for handle cttablestyles872ftype
21:16:46.768 [main] TRACE org.apache.xmlbeans.impl.common.XBeanDebug - Resolving type for handle sstf81fdoctype
21:16:46.768 [main] TRACE org.apache.xmlbeans.impl.common.XBeanDebug - Resolving type for handle ctsst44f3type
21:16:46.783 [main] TRACE org.apache.xmlbeans.impl.common.XBeanDebug - Resolving type for handle ctrsta472type
21:16:46.814 [main] TRACE org.apache.xmlbeans.impl.common.XBeanDebug - Resolving type for handle workbookec17doctype
21:16:46.814 [main] TRACE org.apache.xmlbeans.impl.common.XBeanDebug - Resolving type for handle ctworkbook83c3type
21:16:46.830 [main] TRACE org.apache.xmlbeans.impl.common.XBeanDebug - Resolving type for handle ctsheets49fdtype
21:16:46.846 [main] TRACE org.apache.xmlbeans.impl.common.XBeanDebug - Resolving type for handle ctsheet4dbetype
21:16:46.846 [main] TRACE org.apache.xmlbeans.impl.common.XBeanDebug - Resolving type for handle strelationshipid1e94type
21:16:46.861 [main] TRACE org.apache.xmlbeans.impl.common.XBeanDebug - Resolving type for handle worksheetf539doctype
21:16:46.861 [main] TRACE org.apache.xmlbeans.impl.common.XBeanDebug - Resolving type for handle ctworksheet530dtype
21:16:46.877 [main] TRACE org.apache.xmlbeans.impl.common.XBeanDebug - Resolving type for handle ctsheetdata8408type
21:16:46.877 [main] TRACE org.apache.xmlbeans.impl.common.XBeanDebug - Resolving type for handle ctrowdd39type
21:16:46.893 [main] TRACE org.apache.xmlbeans.impl.common.XBeanDebug - Resolving type for handle ctcell842btype
21:16:46.909 [main] TRACE org.apache.xmlbeans.impl.common.XBeanDebug - Resolving type for handle stcellrefe4e0type
21:16:46.909 [main] TRACE org.apache.xmlbeans.impl.common.XBeanDebug - Resolving type for handle ctcols627ctype
21:16:46.940 [main] TRACE org.apache.xmlbeans.impl.common.XBeanDebug - Resolving type for handle ctcola95ftype
21:16:47.028 [main] TRACE org.apache.xmlbeans.impl.common.XBeanDebug - Resolving type for handle stxstringf179type
21:16:47.106 [main] DEBUG org.apache.poi.openxml4j.opc.PackageRelationshipCollection - Parsing relationship: /xl/_rels/workbook.xml.rels
21:16:47.106 [main] DEBUG org.apache.poi.openxml4j.opc.PackageRelationshipCollection - Parsing relationship: /_rels/.rels
21:16:47.137 [main] DEBUG org.apache.poi.openxml4j.opc.PackageRelationshipCollection - Parsing relationship: /xl/_rels/workbook.xml.rels
21:16:47.137 [main] DEBUG org.apache.poi.openxml4j.opc.PackageRelationshipCollection - Parsing relationship: /_rels/.rels
21:16:47.172 [main] TRACE org.apache.xmlbeans.impl.common.XBeanDebug - Resolving type for handle stcelltypebf95type
21:16:47.187 [main] TRACE org.apache.xmlbeans.impl.common.XBeanDebug - Resolving type for handle stcellstylexfid70c7type
21:16:47.187 [main] TRACE org.apache.xmlbeans.impl.common.XBeanDebug - Resolving type for handle stnumfmtid76fbtype
21:16:47.203 [main] TRACE org.apache.xmlbeans.impl.common.XBeanDebug - Resolving type for handle ctworkbookpr03a5type
21:16:47.218 [main] DEBUG org.apache.poi.openxml4j.opc.PackageRelationshipCollection - Parsing relationship: /xl/_rels/workbook.xml.rels
21:16:47.218 [main] DEBUG org.apache.poi.openxml4j.opc.PackageRelationshipCollection - Parsing relationship: /_rels/.rels
21:16:47.265 [main] DEBUG org.apache.poi.openxml4j.opc.PackageRelationshipCollection - Parsing relationship: /xl/_rels/workbook.xml.rels
21:16:47.265 [main] DEBUG org.apache.poi.openxml4j.opc.PackageRelationshipCollection - Parsing relationship: /_rels/.rels
21:16:47.297 [main] DEBUG org.apache.poi.openxml4j.opc.PackageRelationshipCollection - Parsing relationship: /xl/_rels/workbook.xml.rels
21:16:47.297 [main] DEBUG org.apache.poi.openxml4j.opc.PackageRelationshipCollection - Parsing relationship: /_rels/.rels
21:16:47.328 [main] DEBUG org.apache.poi.openxml4j.opc.PackageRelationshipCollection - Parsing relationship: /xl/_rels/workbook.xml.rels
21:16:47.328 [main] DEBUG org.apache.poi.openxml4j.opc.PackageRelationshipCollection - Parsing relationship: /_rels/.rels
21:16:47.359 [main] DEBUG org.apache.poi.openxml4j.opc.PackageRelationshipCollection - Parsing relationship: /xl/_rels/workbook.xml.rels
21:16:47.359 [main] DEBUG org.apache.poi.openxml4j.opc.PackageRelationshipCollection - Parsing relationship: /_rels/.rels
21:16:47.375 [main] DEBUG org.apache.poi.openxml4j.opc.PackageRelationshipCollection - Parsing relationship: /xl/_rels/workbook.xml.rels
21:16:47.375 [main] DEBUG org.apache.poi.openxml4j.opc.PackageRelationshipCollection - Parsing relationship: /_rels/.rels
21:16:47.406 [main] DEBUG org.apache.poi.openxml4j.opc.PackageRelationshipCollection - Parsing relationship: /xl/_rels/workbook.xml.rels
21:16:47.406 [main] DEBUG org.apache.poi.openxml4j.opc.PackageRelationshipCollection - Parsing relationship: /_rels/.rels
21:16:47.437 [main] DEBUG org.apache.poi.openxml4j.opc.PackageRelationshipCollection - Parsing relationship: /xl/_rels/workbook.xml.rels
21:16:47.437 [main] DEBUG org.apache.poi.openxml4j.opc.PackageRelationshipCollection - Parsing relationship: /_rels/.rels
21:16:47.453 [main] DEBUG org.apache.poi.openxml4j.opc.PackageRelationshipCollection - Parsing relationship: /xl/_rels/workbook.xml.rels
21:16:47.453 [main] DEBUG org.apache.poi.openxml4j.opc.PackageRelationshipCollection - Parsing relationship: /_rels/.rels
21:16:47.484 [main] DEBUG org.apache.poi.openxml4j.opc.PackageRelationshipCollection - Parsing relationship: /xl/_rels/workbook.xml.rels
21:16:47.484 [main] DEBUG org.apache.poi.openxml4j.opc.PackageRelationshipCollection - Parsing relationship: /_rels/.rels
21:16:47.500 [main] DEBUG org.apache.poi.openxml4j.opc.PackageRelationshipCollection - Parsing relationship: /xl/_rels/workbook.xml.rels
21:16:47.500 [main] DEBUG org.apache.poi.openxml4j.opc.PackageRelationshipCollection - Parsing relationship: /_rels/.rels
21:16:47.525 [main] DEBUG org.apache.poi.openxml4j.opc.PackageRelationshipCollection - Parsing relationship: /xl/_rels/workbook.xml.rels
21:16:47.531 [main] DEBUG org.apache.poi.openxml4j.opc.PackageRelationshipCollection - Parsing relationship: /_rels/.rels
21:16:47.547 [main] DEBUG org.apache.poi.openxml4j.opc.PackageRelationshipCollection - Parsing relationship: /xl/_rels/workbook.xml.rels
21:16:47.547 [main] DEBUG org.apache.poi.openxml4j.opc.PackageRelationshipCollection - Parsing relationship: /_rels/.rels
21:16:47.593 [main] DEBUG org.apache.poi.openxml4j.opc.PackageRelationshipCollection - Parsing relationship: /xl/_rels/workbook.xml.rels
21:16:47.593 [main] DEBUG org.apache.poi.openxml4j.opc.PackageRelationshipCollection - Parsing relationship: /_rels/.rels
21:16:47.609 [main] DEBUG org.apache.poi.openxml4j.opc.PackageRelationshipCollection - Parsing relationship: /xl/_rels/workbook.xml.rels
21:16:47.609 [main] DEBUG org.apache.poi.openxml4j.opc.PackageRelationshipCollection - Parsing relationship: /_rels/.rels
21:16:47.625 [main] DEBUG org.apache.poi.openxml4j.opc.PackageRelationshipCollection - Parsing relationship: /xl/_rels/workbook.xml.rels
21:16:47.625 [main] DEBUG org.apache.poi.openxml4j.opc.PackageRelationshipCollection - Parsing relationship: /_rels/.rels
21:16:47.656 [main] DEBUG org.apache.poi.openxml4j.opc.PackageRelationshipCollection - Parsing relationship: /xl/_rels/workbook.xml.rels
21:16:47.656 [main] DEBUG org.apache.poi.openxml4j.opc.PackageRelationshipCollection - Parsing relationship: /_rels/.rels
21:16:47.672 [main] DEBUG org.apache.poi.openxml4j.opc.PackageRelationshipCollection - Parsing relationship: /xl/_rels/workbook.xml.rels
21:16:47.672 [main] DEBUG org.apache.poi.openxml4j.opc.PackageRelationshipCollection - Parsing relationship: /_rels/.rels
21:16:47.703 [main] DEBUG org.apache.poi.openxml4j.opc.PackageRelationshipCollection - Parsing relationship: /xl/_rels/workbook.xml.rels
21:16:47.703 [main] DEBUG org.apache.poi.openxml4j.opc.PackageRelationshipCollection - Parsing relationship: /_rels/.rels
21:16:47.718 [main] DEBUG org.apache.poi.openxml4j.opc.PackageRelationshipCollection - Parsing relationship: /xl/_rels/workbook.xml.rels
21:16:47.718 [main] DEBUG org.apache.poi.openxml4j.opc.PackageRelationshipCollection - Parsing relationship: /_rels/.rels
HTTP/1.1 200 OK
Date: Fri, 05 Jul 2024 15:46:46 GMT
Content-Type: application/json
Transfer-Encoding: chunked
Connection: keep-alive
Access-Control-Allow-Origin: *
Access-Control-Allow-Methods: GET, POST, DELETE, PUT
Access-Control-Allow-Headers: Content-Type, api_key, Authorization
Server: Jetty(9.2.9.v20150224)

{
    "code": 200,
    "type": "unknown",
    "message": "85777802"
}
io.restassured.internal.ValidatableResponseImpl@3271ec2a
]]></system-out>
    <system-err><![CDATA[SLF4J: Failed to load class "org.slf4j.impl.StaticLoggerBinder".
SLF4J: Defaulting to no-operation (NOP) logger implementation
SLF4J: See http://www.slf4j.org/codes.html#StaticLoggerBinder for further details.
]]></system-err>
  </testcase>
  <testcase name="test_postUsers[1046302571, Lucas, West, nolan.walter, leigh.purdy@example.com, xua7r61uge, (286) 902-3070](2)" classname="api.test.DataDrivenTests" time="1.203">
    <system-out><![CDATA[HTTP/1.1 200 OK
Date: Fri, 05 Jul 2024 15:46:47 GMT
Content-Type: application/json
Transfer-Encoding: chunked
Connection: keep-alive
Access-Control-Allow-Origin: *
Access-Control-Allow-Methods: GET, POST, DELETE, PUT
Access-Control-Allow-Headers: Content-Type, api_key, Authorization
Server: Jetty(9.2.9.v20150224)

{
    "code": 200,
    "type": "unknown",
    "message": "1046302571"
}
io.restassured.internal.ValidatableResponseImpl@9be7319
]]></system-out>
  </testcase>
  <testcase name="test_postUsers[949637154, Herma, Nitzsche, bernard.bahringer, federico.ryan@example.com, 75xz90qt106, 1-363-713-7752](3)" classname="api.test.DataDrivenTests" time="1.674">
    <system-out><![CDATA[HTTP/1.1 200 OK
Date: Fri, 05 Jul 2024 15:46:49 GMT
Content-Type: application/json
Transfer-Encoding: chunked
Connection: keep-alive
Access-Control-Allow-Origin: *
Access-Control-Allow-Methods: GET, POST, DELETE, PUT
Access-Control-Allow-Headers: Content-Type, api_key, Authorization
Server: Jetty(9.2.9.v20150224)

{
    "code": 200,
    "type": "unknown",
    "message": "949637154"
}
io.restassured.internal.ValidatableResponseImpl@5a3cf824
]]></system-out>
  </testcase>
  <testcase name="test_getUsers[sammie.wunsch](1)" classname="api.test.DataDrivenTests" time="1.219">
    <system-out><![CDATA[21:16:57.602 [main] DEBUG org.apache.poi.openxml4j.opc.PackageRelationshipCollection - Parsing relationship: /xl/_rels/workbook.xml.rels
21:16:57.602 [main] DEBUG org.apache.poi.openxml4j.opc.PackageRelationshipCollection - Parsing relationship: /_rels/.rels
21:16:57.618 [main] DEBUG org.apache.poi.openxml4j.opc.PackageRelationshipCollection - Parsing relationship: /xl/_rels/workbook.xml.rels
21:16:57.618 [main] DEBUG org.apache.poi.openxml4j.opc.PackageRelationshipCollection - Parsing relationship: /_rels/.rels
21:16:57.634 [main] DEBUG org.apache.poi.openxml4j.opc.PackageRelationshipCollection - Parsing relationship: /xl/_rels/workbook.xml.rels
21:16:57.634 [main] DEBUG org.apache.poi.openxml4j.opc.PackageRelationshipCollection - Parsing relationship: /_rels/.rels
21:16:57.649 [main] DEBUG org.apache.poi.openxml4j.opc.PackageRelationshipCollection - Parsing relationship: /xl/_rels/workbook.xml.rels
21:16:57.649 [main] DEBUG org.apache.poi.openxml4j.opc.PackageRelationshipCollection - Parsing relationship: /_rels/.rels
Retrieved User is : sammie.wunsch
HTTP/1.1 200 OK
Date: Fri, 05 Jul 2024 15:46:50 GMT
Content-Type: application/json
Transfer-Encoding: chunked
Connection: keep-alive
Access-Control-Allow-Origin: *
Access-Control-Allow-Methods: GET, POST, DELETE, PUT
Access-Control-Allow-Headers: Content-Type, api_key, Authorization
Server: Jetty(9.2.9.v20150224)

{
    "id": 85777802,
    "username": "sammie.wunsch",
    "firstName": "Ernie",
    "lastName": "Pacocha",
    "email": "hal.kozey@example.com",
    "password": "leg0uww0uxtd",
    "phone": "716-721-7184",
    "userStatus": 0
}
io.restassured.internal.ValidatableResponseImpl@74f4a2ba
]]></system-out>
  </testcase>
  <testcase name="test_getUsers[nolan.walter](2)" classname="api.test.DataDrivenTests" time="1.397">
    <system-out><![CDATA[Retrieved User is : nolan.walter
HTTP/1.1 200 OK
Date: Fri, 05 Jul 2024 15:46:52 GMT
Content-Type: application/json
Transfer-Encoding: chunked
Connection: keep-alive
Access-Control-Allow-Origin: *
Access-Control-Allow-Methods: GET, POST, DELETE, PUT
Access-Control-Allow-Headers: Content-Type, api_key, Authorization
Server: Jetty(9.2.9.v20150224)

{
    "id": 1046302571,
    "username": "nolan.walter",
    "firstName": "Lucas",
    "lastName": "West",
    "email": "leigh.purdy@example.com",
    "password": "xua7r61uge",
    "phone": "(286) 902-3070",
    "userStatus": 0
}
io.restassured.internal.ValidatableResponseImpl@5ed31735
]]></system-out>
  </testcase>
  <testcase name="test_getUsers[bernard.bahringer](3)" classname="api.test.DataDrivenTests" time="1.116">
    <system-out><![CDATA[Retrieved User is : bernard.bahringer
HTTP/1.1 200 OK
Date: Fri, 05 Jul 2024 15:46:53 GMT
Content-Type: application/json
Transfer-Encoding: chunked
Connection: keep-alive
Access-Control-Allow-Origin: *
Access-Control-Allow-Methods: GET, POST, DELETE, PUT
Access-Control-Allow-Headers: Content-Type, api_key, Authorization
Server: Jetty(9.2.9.v20150224)

{
    "id": 949637154,
    "username": "bernard.bahringer",
    "firstName": "Herma",
    "lastName": "Nitzsche",
    "email": "federico.ryan@example.com",
    "password": "75xz90qt106",
    "phone": "1-363-713-7752",
    "userStatus": 0
}
io.restassured.internal.ValidatableResponseImpl@3686389
]]></system-out>
  </testcase>
  <testcase name="test_deleteUsers[sammie.wunsch](1)" classname="api.test.DataDrivenTests" time="1.221">
    <system-out><![CDATA[21:17:01.397 [main] DEBUG org.apache.poi.openxml4j.opc.PackageRelationshipCollection - Parsing relationship: /xl/_rels/workbook.xml.rels
21:17:01.397 [main] DEBUG org.apache.poi.openxml4j.opc.PackageRelationshipCollection - Parsing relationship: /_rels/.rels
21:17:01.429 [main] DEBUG org.apache.poi.openxml4j.opc.PackageRelationshipCollection - Parsing relationship: /xl/_rels/workbook.xml.rels
21:17:01.429 [main] DEBUG org.apache.poi.openxml4j.opc.PackageRelationshipCollection - Parsing relationship: /_rels/.rels
21:17:01.444 [main] DEBUG org.apache.poi.openxml4j.opc.PackageRelationshipCollection - Parsing relationship: /xl/_rels/workbook.xml.rels
21:17:01.444 [main] DEBUG org.apache.poi.openxml4j.opc.PackageRelationshipCollection - Parsing relationship: /_rels/.rels
21:17:01.460 [main] DEBUG org.apache.poi.openxml4j.opc.PackageRelationshipCollection - Parsing relationship: /xl/_rels/workbook.xml.rels
21:17:01.460 [main] DEBUG org.apache.poi.openxml4j.opc.PackageRelationshipCollection - Parsing relationship: /_rels/.rels
Deleted User is : sammie.wunsch
HTTP/1.1 200 OK
Date: Fri, 05 Jul 2024 15:46:54 GMT
Content-Type: application/json
Transfer-Encoding: chunked
Connection: keep-alive
Access-Control-Allow-Origin: *
Access-Control-Allow-Methods: GET, POST, DELETE, PUT
Access-Control-Allow-Headers: Content-Type, api_key, Authorization
Server: Jetty(9.2.9.v20150224)

{
    "code": 200,
    "type": "unknown",
    "message": "sammie.wunsch"
}
io.restassured.internal.ValidatableResponseImpl@4efb13f1
]]></system-out>
  </testcase>
  <testcase name="test_deleteUsers[nolan.walter](2)" classname="api.test.DataDrivenTests" time="1.379">
    <system-out><![CDATA[Deleted User is : nolan.walter
HTTP/1.1 200 OK
Date: Fri, 05 Jul 2024 15:46:55 GMT
Content-Type: application/json
Transfer-Encoding: chunked
Connection: keep-alive
Access-Control-Allow-Origin: *
Access-Control-Allow-Methods: GET, POST, DELETE, PUT
Access-Control-Allow-Headers: Content-Type, api_key, Authorization
Server: Jetty(9.2.9.v20150224)

{
    "code": 200,
    "type": "unknown",
    "message": "nolan.walter"
}
io.restassured.internal.ValidatableResponseImpl@4d290757
]]></system-out>
  </testcase>
  <testcase name="test_deleteUsers[bernard.bahringer](3)" classname="api.test.DataDrivenTests" time="1.131">
    <system-out><![CDATA[Deleted User is : bernard.bahringer
HTTP/1.1 200 OK
Date: Fri, 05 Jul 2024 15:46:57 GMT
Content-Type: application/json
Transfer-Encoding: chunked
Connection: keep-alive
Access-Control-Allow-Origin: *
Access-Control-Allow-Methods: GET, POST, DELETE, PUT
Access-Control-Allow-Headers: Content-Type, api_key, Authorization
Server: Jetty(9.2.9.v20150224)

{
    "code": 200,
    "type": "unknown",
    "message": "bernard.bahringer"
}
io.restassured.internal.ValidatableResponseImpl@5f935d49
]]></system-out>
  </testcase>
  <testcase name="test_pet_post_url" classname="api.test.PetTests" time="1.22">
    <system-out><![CDATA[{
    "id": 637365534,
    "category": {
        "id": 5,
        "name": "Miniature Pinscher"
    },
    "photoUrls": [
        
    ],
    "tags": [
        {
            "id": 1,
            "name": "cute"
        }
    ],
    "status": "available"
}
io.restassured.internal.ValidatableResponseImpl@308a9264
[{"name":"cute","id":1}]
1
Actual : 1 , Expected : 1
Actual : cute , Expected : cute
]]></system-out>
  </testcase>
  <testcase name="test_pet_get_url" classname="api.test.PetTests" time="1.173">
    <system-out><![CDATA[HTTP/1.1 200 OK
Date: Fri, 05 Jul 2024 15:46:59 GMT
Content-Type: application/json
Transfer-Encoding: chunked
Connection: keep-alive
Access-Control-Allow-Origin: *
Access-Control-Allow-Methods: GET, POST, DELETE, PUT
Access-Control-Allow-Headers: Content-Type, api_key, Authorization
Server: Jetty(9.2.9.v20150224)

{
    "id": 637365534,
    "category": {
        "id": 5,
        "name": "Miniature Pinscher"
    },
    "photoUrls": [
        
    ],
    "tags": [
        {
            "id": 1,
            "name": "cute"
        }
    ],
    "status": "available"
}
io.restassured.internal.ValidatableResponseImpl@1cc93da4
Actual : 637365534 , Expected : 637365534
]]></system-out>
  </testcase>
  <testcase name="test_pet_put_url" classname="api.test.PetTests" time="2.311">
    <system-out><![CDATA[HTTP/1.1 200 OK
Date: Fri, 05 Jul 2024 15:47:00 GMT
Content-Type: application/json
Transfer-Encoding: chunked
Connection: keep-alive
Access-Control-Allow-Origin: *
Access-Control-Allow-Methods: GET, POST, DELETE, PUT
Access-Control-Allow-Headers: Content-Type, api_key, Authorization
Server: Jetty(9.2.9.v20150224)

{
    "code": 200,
    "type": "unknown",
    "message": "637365534"
}
io.restassured.internal.ValidatableResponseImpl@25d0b918
HTTP/1.1 200 OK
Date: Fri, 05 Jul 2024 15:47:02 GMT
Content-Type: application/json
Transfer-Encoding: chunked
Connection: keep-alive
Access-Control-Allow-Origin: *
Access-Control-Allow-Methods: GET, POST, DELETE, PUT
Access-Control-Allow-Headers: Content-Type, api_key, Authorization
Server: Jetty(9.2.9.v20150224)

{
    "id": 637365534,
    "category": {
        "id": 5,
        "name": "Miniature Pinscher"
    },
    "name": "Romeo",
    "photoUrls": [
        
    ],
    "tags": [
        {
            "id": 1,
            "name": "cute"
        }
    ],
    "status": "pending"
}
io.restassured.internal.ValidatableResponseImpl@403f7aa2
Actual : 637365534 , Expected : 637365534
Actual : Romeo , Expected : Romeo
Actual : pending , Expected : pending
]]></system-out>
  </testcase>
  <testcase name="test_pet_delete_url" classname="api.test.PetTests" time="1.108">
    <system-out><![CDATA[HTTP/1.1 200 OK
Date: Fri, 05 Jul 2024 15:47:03 GMT
Content-Type: application/json
Transfer-Encoding: chunked
Connection: keep-alive
Access-Control-Allow-Origin: *
Access-Control-Allow-Methods: GET, POST, DELETE, PUT
Access-Control-Allow-Headers: Content-Type, api_key, Authorization
Server: Jetty(9.2.9.v20150224)

{
    "code": 200,
    "type": "unknown",
    "message": "637365534"
}
io.restassured.internal.ValidatableResponseImpl@6c66ddab
]]></system-out>
  </testcase>
  <testcase name="testPostUser" classname="api.test.UserTests" time="1.158">
    <system-out><![CDATA[21:17:11.629 [main] DEBUG api.test.UserTests - Setup complete with user payload: api.payload.User@7c0035dd
21:17:11.630 [main] INFO  api.test.UserTests - Starting testPostUser
21:17:11.630 [main] DEBUG api.test.UserTests - Payload for creating user: api.payload.User@7c0035dd
21:17:12.791 [main] DEBUG api.test.UserTests - Response: {"code":200,"type":"unknown","message":"1503057650"}
HTTP/1.1 200 OK
Date: Fri, 05 Jul 2024 15:47:04 GMT
Content-Type: application/json
Transfer-Encoding: chunked
Connection: keep-alive
Access-Control-Allow-Origin: *
Access-Control-Allow-Methods: GET, POST, DELETE, PUT
Access-Control-Allow-Headers: Content-Type, api_key, Authorization
Server: Jetty(9.2.9.v20150224)

{
    "code": 200,
    "type": "unknown",
    "message": "1503057650"
}
21:17:12.791 [main] INFO  api.test.UserTests - User is created successfully
]]></system-out>
  </testcase>
  <testcase name="testGetUser" classname="api.test.UserTests" time="1.174">
    <system-out><![CDATA[21:17:12.791 [main] INFO  api.test.UserTests - Starting testGetUser
21:17:12.791 [main] DEBUG api.test.UserTests - Username for reading user info: kenny.willms
21:17:13.965 [main] DEBUG api.test.UserTests - Response: {"id":1503057650,"username":"kenny.willms","firstName":"Kent","lastName":"Batz","email":"arnoldo.bahringer@example.com","password":"91mkgltzdqbw","phone":"(207) 027-2814","userStatus":0}
HTTP/1.1 200 OK
Date: Fri, 05 Jul 2024 15:47:05 GMT
Content-Type: application/json
Transfer-Encoding: chunked
Connection: keep-alive
Access-Control-Allow-Origin: *
Access-Control-Allow-Methods: GET, POST, DELETE, PUT
Access-Control-Allow-Headers: Content-Type, api_key, Authorization
Server: Jetty(9.2.9.v20150224)

{
    "id": 1503057650,
    "username": "kenny.willms",
    "firstName": "Kent",
    "lastName": "Batz",
    "email": "arnoldo.bahringer@example.com",
    "password": "91mkgltzdqbw",
    "phone": "(207) 027-2814",
    "userStatus": 0
}
21:17:13.965 [main] INFO  api.test.UserTests - User info is displayed successfully
]]></system-out>
  </testcase>
  <testcase name="testUpdateUser" classname="api.test.UserTests" time="2.293">
    <system-out><![CDATA[21:17:13.965 [main] INFO  api.test.UserTests - Starting testUpdateUser
21:17:13.965 [main] DEBUG api.test.UserTests - Updated payload: api.payload.User@7c0035dd
21:17:15.108 [main] DEBUG api.test.UserTests - Response after update: {"code":200,"type":"unknown","message":"1503057650"}
HTTP/1.1 200 OK
Date: Fri, 05 Jul 2024 15:47:06 GMT
Content-Type: application/json
Transfer-Encoding: chunked
Connection: keep-alive
Access-Control-Allow-Origin: *
Access-Control-Allow-Methods: GET, POST, DELETE, PUT
Access-Control-Allow-Headers: Content-Type, api_key, Authorization
Server: Jetty(9.2.9.v20150224)

{
    "code": 200,
    "type": "unknown",
    "message": "1503057650"
}
21:17:16.256 [main] DEBUG api.test.UserTests - Response after reading updated user: {"id":1503057650,"username":"kenny.willms","firstName":"Joy","lastName":"Ankunding","email":"lorena.volkman@example.com","password":"91mkgltzdqbw","phone":"(207) 027-2814","userStatus":0}
HTTP/1.1 200 OK
Date: Fri, 05 Jul 2024 15:47:08 GMT
Content-Type: application/json
Transfer-Encoding: chunked
Connection: keep-alive
Access-Control-Allow-Origin: *
Access-Control-Allow-Methods: GET, POST, DELETE, PUT
Access-Control-Allow-Headers: Content-Type, api_key, Authorization
Server: Jetty(9.2.9.v20150224)

{
    "id": 1503057650,
    "username": "kenny.willms",
    "firstName": "Joy",
    "lastName": "Ankunding",
    "email": "lorena.volkman@example.com",
    "password": "91mkgltzdqbw",
    "phone": "(207) 027-2814",
    "userStatus": 0
}
21:17:16.256 [main] INFO  api.test.UserTests - User is updated successfully
]]></system-out>
  </testcase>
  <testcase name="testDeleteUser" classname="api.test.UserTests" time="1.182">
    <system-out><![CDATA[21:17:16.257 [main] INFO  api.test.UserTests - Starting testDeleteUser
21:17:16.258 [main] DEBUG api.test.UserTests - Username for deleting user: kenny.willms
21:17:17.431 [main] DEBUG api.test.UserTests - Response: {"code":200,"type":"unknown","message":"kenny.willms"}
HTTP/1.1 200 OK
Date: Fri, 05 Jul 2024 15:47:09 GMT
Content-Type: application/json
Transfer-Encoding: chunked
Connection: keep-alive
Access-Control-Allow-Origin: *
Access-Control-Allow-Methods: GET, POST, DELETE, PUT
Access-Control-Allow-Headers: Content-Type, api_key, Authorization
Server: Jetty(9.2.9.v20150224)

{
    "code": 200,
    "type": "unknown",
    "message": "kenny.willms"
}
21:17:17.431 [main] INFO  api.test.UserTests - User is deleted successfully
]]></system-out>
  </testcase>
</testsuite>