<?xml version="1.0" encoding="UTF-8"?>
<testng-results ignored="0" total="17" passed="17" failed="0" skipped="0">
  <reporter-output>
  </reporter-output>
  <suite started-at="2024-07-05T21:16:38 IST" name="Surefire suite" finished-at="2024-07-05T21:17:17 IST" duration-ms="39318">
    <groups>
    </groups>
    <test started-at="2024-07-05T21:16:38 IST" name="Surefire test" finished-at="2024-07-05T21:17:17 IST" duration-ms="39318">
      <class name="api.test.DataDrivenTests">
        <test-method signature="test_postUsers(java.lang.String,java.lang.String,java.lang.String,java.lang.String,java.lang.String,java.lang.String,java.lang.String)[pri:1, instance:api.test.DataDrivenTests@65d6b83b]" started-at="2024-07-05T21:16:47 IST" name="test_postUsers" data-provider="Data" finished-at="2024-07-05T21:16:54 IST" duration-ms="6788" status="PASS">
          <params>
            <param index="0">
              <value>
                <![CDATA[85777802]]>
              </value>
            </param>
            <param index="1">
              <value>
                <![CDATA[Ernie]]>
              </value>
            </param>
            <param index="2">
              <value>
                <![CDATA[Pacocha]]>
              </value>
            </param>
            <param index="3">
              <value>
                <![CDATA[sammie.wunsch]]>
              </value>
            </param>
            <param index="4">
              <value>
                <![CDATA[hal.kozey@example.com]]>
              </value>
            </param>
            <param index="5">
              <value>
                <![CDATA[leg0uww0uxtd]]>
              </value>
            </param>
            <param index="6">
              <value>
                <![CDATA[716-721-7184]]>
              </value>
            </param>
          </params>
          <reporter-output>
          </reporter-output>
        </test-method> <!-- test_postUsers -->
        <test-method signature="test_postUsers(java.lang.String,java.lang.String,java.lang.String,java.lang.String,java.lang.String,java.lang.String,java.lang.String)[pri:1, instance:api.test.DataDrivenTests@65d6b83b]" started-at="2024-07-05T21:16:54 IST" name="test_postUsers" data-provider="Data" finished-at="2024-07-05T21:16:55 IST" duration-ms="1219" status="PASS">
          <params>
            <param index="0">
              <value>
                <![CDATA[1046302571]]>
              </value>
            </param>
            <param index="1">
              <value>
                <![CDATA[Lucas]]>
              </value>
            </param>
            <param index="2">
              <value>
                <![CDATA[West]]>
              </value>
            </param>
            <param index="3">
              <value>
                <![CDATA[nolan.walter]]>
              </value>
            </param>
            <param index="4">
              <value>
                <![CDATA[leigh.purdy@example.com]]>
              </value>
            </param>
            <param index="5">
              <value>
                <![CDATA[xua7r61uge]]>
              </value>
            </param>
            <param index="6">
              <value>
                <![CDATA[(286) 902-3070]]>
              </value>
            </param>
          </params>
          <reporter-output>
          </reporter-output>
        </test-method> <!-- test_postUsers -->
        <test-method signature="test_postUsers(java.lang.String,java.lang.String,java.lang.String,java.lang.String,java.lang.String,java.lang.String,java.lang.String)[pri:1, instance:api.test.DataDrivenTests@65d6b83b]" started-at="2024-07-05T21:16:55 IST" name="test_postUsers" data-provider="Data" finished-at="2024-07-05T21:16:57 IST" duration-ms="1658" status="PASS">
          <params>
            <param index="0">
              <value>
                <![CDATA[949637154]]>
              </value>
            </param>
            <param index="1">
              <value>
                <![CDATA[Herma]]>
              </value>
            </param>
            <param index="2">
              <value>
                <![CDATA[Nitzsche]]>
              </value>
            </param>
            <param index="3">
              <value>
                <![CDATA[bernard.bahringer]]>
              </value>
            </param>
            <param index="4">
              <value>
                <![CDATA[federico.ryan@example.com]]>
              </value>
            </param>
            <param index="5">
              <value>
                <![CDATA[75xz90qt106]]>
              </value>
            </param>
            <param index="6">
              <value>
                <![CDATA[1-363-713-7752]]>
              </value>
            </param>
          </params>
          <reporter-output>
          </reporter-output>
        </test-method> <!-- test_postUsers -->
        <test-method signature="test_getUsers(java.lang.String)[pri:2, instance:api.test.DataDrivenTests@65d6b83b]" started-at="2024-07-05T21:16:57 IST" name="test_getUsers" data-provider="UserNames" finished-at="2024-07-05T21:16:58 IST" duration-ms="1235" status="PASS">
          <params>
            <param index="0">
              <value>
                <![CDATA[sammie.wunsch]]>
              </value>
            </param>
          </params>
          <reporter-output>
          </reporter-output>
        </test-method> <!-- test_getUsers -->
        <test-method signature="test_getUsers(java.lang.String)[pri:2, instance:api.test.DataDrivenTests@65d6b83b]" started-at="2024-07-05T21:16:58 IST" name="test_getUsers" data-provider="UserNames" finished-at="2024-07-05T21:17:00 IST" duration-ms="1397" status="PASS">
          <params>
            <param index="0">
              <value>
                <![CDATA[nolan.walter]]>
              </value>
            </param>
          </params>
          <reporter-output>
          </reporter-output>
        </test-method> <!-- test_getUsers -->
        <test-method signature="test_getUsers(java.lang.String)[pri:2, instance:api.test.DataDrivenTests@65d6b83b]" started-at="2024-07-05T21:17:00 IST" name="test_getUsers" data-provider="UserNames" finished-at="2024-07-05T21:17:01 IST" duration-ms="1116" status="PASS">
          <params>
            <param index="0">
              <value>
                <![CDATA[bernard.bahringer]]>
              </value>
            </param>
          </params>
          <reporter-output>
          </reporter-output>
        </test-method> <!-- test_getUsers -->
        <test-method signature="test_deleteUsers(java.lang.String)[pri:4, instance:api.test.DataDrivenTests@65d6b83b]" started-at="2024-07-05T21:17:01 IST" name="test_deleteUsers" data-provider="UserNames" finished-at="2024-07-05T21:17:02 IST" duration-ms="1221" status="PASS">
          <params>
            <param index="0">
              <value>
                <![CDATA[sammie.wunsch]]>
              </value>
            </param>
          </params>
          <reporter-output>
          </reporter-output>
        </test-method> <!-- test_deleteUsers -->
        <test-method signature="test_deleteUsers(java.lang.String)[pri:4, instance:api.test.DataDrivenTests@65d6b83b]" started-at="2024-07-05T21:17:02 IST" name="test_deleteUsers" data-provider="UserNames" finished-at="2024-07-05T21:17:04 IST" duration-ms="1364" status="PASS">
          <params>
            <param index="0">
              <value>
                <![CDATA[nolan.walter]]>
              </value>
            </param>
          </params>
          <reporter-output>
          </reporter-output>
        </test-method> <!-- test_deleteUsers -->
        <test-method signature="test_deleteUsers(java.lang.String)[pri:4, instance:api.test.DataDrivenTests@65d6b83b]" started-at="2024-07-05T21:17:04 IST" name="test_deleteUsers" data-provider="UserNames" finished-at="2024-07-05T21:17:05 IST" duration-ms="1146" status="PASS">
          <params>
            <param index="0">
              <value>
                <![CDATA[bernard.bahringer]]>
              </value>
            </param>
          </params>
          <reporter-output>
          </reporter-output>
        </test-method> <!-- test_deleteUsers -->
      </class> <!-- api.test.DataDrivenTests -->
      <class name="api.test.UserTests">
        <test-method is-config="true" signature="setup()[pri:0, instance:api.test.UserTests@778d1062]" started-at="2024-07-05T21:17:11 IST" name="setup" finished-at="2024-07-05T21:17:11 IST" duration-ms="361" status="PASS">
          <reporter-output>
          </reporter-output>
        </test-method> <!-- setup -->
        <test-method signature="testPostUser()[pri:1, instance:api.test.UserTests@778d1062]" started-at="2024-07-05T21:17:11 IST" name="testPostUser" finished-at="2024-07-05T21:17:12 IST" duration-ms="1161" status="PASS">
          <reporter-output>
          </reporter-output>
        </test-method> <!-- testPostUser -->
        <test-method signature="testGetUser()[pri:2, instance:api.test.UserTests@778d1062]" started-at="2024-07-05T21:17:12 IST" name="testGetUser" finished-at="2024-07-05T21:17:13 IST" duration-ms="1174" status="PASS">
          <reporter-output>
          </reporter-output>
        </test-method> <!-- testGetUser -->
        <test-method signature="testUpdateUser()[pri:3, instance:api.test.UserTests@778d1062]" started-at="2024-07-05T21:17:13 IST" name="testUpdateUser" finished-at="2024-07-05T21:17:16 IST" duration-ms="2291" status="PASS">
          <reporter-output>
          </reporter-output>
        </test-method> <!-- testUpdateUser -->
        <test-method signature="testDeleteUser()[pri:4, instance:api.test.UserTests@778d1062]" started-at="2024-07-05T21:17:16 IST" name="testDeleteUser" finished-at="2024-07-05T21:17:17 IST" duration-ms="1174" status="PASS">
          <reporter-output>
          </reporter-output>
        </test-method> <!-- testDeleteUser -->
      </class> <!-- api.test.UserTests -->
      <class name="api.test.PetTests">
        <test-method is-config="true" signature="setup()[pri:0, instance:api.test.PetTests@2b6faea6]" started-at="2024-07-05T21:17:05 IST" name="setup" finished-at="2024-07-05T21:17:05 IST" duration-ms="251" status="PASS">
          <reporter-output>
          </reporter-output>
        </test-method> <!-- setup -->
        <test-method signature="test_pet_post_url()[pri:1, instance:api.test.PetTests@2b6faea6]" started-at="2024-07-05T21:17:05 IST" name="test_pet_post_url" finished-at="2024-07-05T21:17:06 IST" duration-ms="1204" status="PASS">
          <reporter-output>
          </reporter-output>
        </test-method> <!-- test_pet_post_url -->
        <test-method signature="test_pet_get_url()[pri:2, instance:api.test.PetTests@2b6faea6]" started-at="2024-07-05T21:17:06 IST" name="test_pet_get_url" finished-at="2024-07-05T21:17:07 IST" duration-ms="1174" status="PASS">
          <reporter-output>
          </reporter-output>
        </test-method> <!-- test_pet_get_url -->
        <test-method signature="test_pet_put_url()[pri:3, instance:api.test.PetTests@2b6faea6]" started-at="2024-07-05T21:17:07 IST" name="test_pet_put_url" finished-at="2024-07-05T21:17:10 IST" duration-ms="2311" status="PASS">
          <reporter-output>
          </reporter-output>
        </test-method> <!-- test_pet_put_url -->
        <test-method signature="test_pet_delete_url()[pri:4, instance:api.test.PetTests@2b6faea6]" started-at="2024-07-05T21:17:10 IST" name="test_pet_delete_url" finished-at="2024-07-05T21:17:11 IST" duration-ms="1106" status="PASS">
          <reporter-output>
          </reporter-output>
        </test-method> <!-- test_pet_delete_url -->
      </class> <!-- api.test.PetTests -->
    </test> <!-- Surefire test -->
  </suite> <!-- Surefire suite -->
</testng-results>
