<?xml version="1.0" encoding="UTF-8"?>
<testng-results ignored="0" total="17" passed="17" failed="0" skipped="0">
  <reporter-output>
  </reporter-output>
  <suite started-at="2024-07-05T23:06:21 IST" name="Surefire suite" finished-at="2024-07-05T23:06:49 IST" duration-ms="28101">
    <groups>
    </groups>
    <test started-at="2024-07-05T23:06:21 IST" name="Surefire test" finished-at="2024-07-05T23:06:49 IST" duration-ms="28101">
      <class name="api.test.DataDrivenTests">
        <test-method signature="test_postUsers(java.lang.String,java.lang.String,java.lang.String,java.lang.String,java.lang.String,java.lang.String,java.lang.String)[pri:1, instance:api.test.DataDrivenTests@65d6b83b]" started-at="2024-07-05T23:06:23 IST" name="test_postUsers" data-provider="Data" finished-at="2024-07-05T23:06:27 IST" duration-ms="3820" status="PASS">
          <params>
            <param index="0">
              <value>
                <![CDATA[85777802]]>
              </value>
            </param>
            <param index="1">
              <value>
                <![CDATA[Ernie]]>
              </value>
            </param>
            <param index="2">
              <value>
                <![CDATA[Pacocha]]>
              </value>
            </param>
            <param index="3">
              <value>
                <![CDATA[sammie.wunsch]]>
              </value>
            </param>
            <param index="4">
              <value>
                <![CDATA[hal.kozey@example.com]]>
              </value>
            </param>
            <param index="5">
              <value>
                <![CDATA[leg0uww0uxtd]]>
              </value>
            </param>
            <param index="6">
              <value>
                <![CDATA[716-721-7184]]>
              </value>
            </param>
          </params>
          <reporter-output>
          </reporter-output>
        </test-method> <!-- test_postUsers -->
        <test-method signature="test_postUsers(java.lang.String,java.lang.String,java.lang.String,java.lang.String,java.lang.String,java.lang.String,java.lang.String)[pri:1, instance:api.test.DataDrivenTests@65d6b83b]" started-at="2024-07-05T23:06:27 IST" name="test_postUsers" data-provider="Data" finished-at="2024-07-05T23:06:28 IST" duration-ms="1110" status="PASS">
          <params>
            <param index="0">
              <value>
                <![CDATA[1046302571]]>
              </value>
            </param>
            <param index="1">
              <value>
                <![CDATA[Lucas]]>
              </value>
            </param>
            <param index="2">
              <value>
                <![CDATA[West]]>
              </value>
            </param>
            <param index="3">
              <value>
                <![CDATA[nolan.walter]]>
              </value>
            </param>
            <param index="4">
              <value>
                <![CDATA[leigh.purdy@example.com]]>
              </value>
            </param>
            <param index="5">
              <value>
                <![CDATA[xua7r61uge]]>
              </value>
            </param>
            <param index="6">
              <value>
                <![CDATA[(286) 902-3070]]>
              </value>
            </param>
          </params>
          <reporter-output>
          </reporter-output>
        </test-method> <!-- test_postUsers -->
        <test-method signature="test_postUsers(java.lang.String,java.lang.String,java.lang.String,java.lang.String,java.lang.String,java.lang.String,java.lang.String)[pri:1, instance:api.test.DataDrivenTests@65d6b83b]" started-at="2024-07-05T23:06:28 IST" name="test_postUsers" data-provider="Data" finished-at="2024-07-05T23:06:30 IST" duration-ms="1960" status="PASS">
          <params>
            <param index="0">
              <value>
                <![CDATA[949637154]]>
              </value>
            </param>
            <param index="1">
              <value>
                <![CDATA[Herma]]>
              </value>
            </param>
            <param index="2">
              <value>
                <![CDATA[Nitzsche]]>
              </value>
            </param>
            <param index="3">
              <value>
                <![CDATA[bernard.bahringer]]>
              </value>
            </param>
            <param index="4">
              <value>
                <![CDATA[federico.ryan@example.com]]>
              </value>
            </param>
            <param index="5">
              <value>
                <![CDATA[75xz90qt106]]>
              </value>
            </param>
            <param index="6">
              <value>
                <![CDATA[1-363-713-7752]]>
              </value>
            </param>
          </params>
          <reporter-output>
          </reporter-output>
        </test-method> <!-- test_postUsers -->
        <test-method signature="test_getUsers(java.lang.String)[pri:2, instance:api.test.DataDrivenTests@65d6b83b]" started-at="2024-07-05T23:06:30 IST" name="test_getUsers" data-provider="UserNames" finished-at="2024-07-05T23:06:32 IST" duration-ms="1140" status="PASS">
          <params>
            <param index="0">
              <value>
                <![CDATA[sammie.wunsch]]>
              </value>
            </param>
          </params>
          <reporter-output>
          </reporter-output>
        </test-method> <!-- test_getUsers -->
        <test-method signature="test_getUsers(java.lang.String)[pri:2, instance:api.test.DataDrivenTests@65d6b83b]" started-at="2024-07-05T23:06:32 IST" name="test_getUsers" data-provider="UserNames" finished-at="2024-07-05T23:06:33 IST" duration-ms="1188" status="PASS">
          <params>
            <param index="0">
              <value>
                <![CDATA[nolan.walter]]>
              </value>
            </param>
          </params>
          <reporter-output>
          </reporter-output>
        </test-method> <!-- test_getUsers -->
        <test-method signature="test_getUsers(java.lang.String)[pri:2, instance:api.test.DataDrivenTests@65d6b83b]" started-at="2024-07-05T23:06:33 IST" name="test_getUsers" data-provider="UserNames" finished-at="2024-07-05T23:06:34 IST" duration-ms="1079" status="PASS">
          <params>
            <param index="0">
              <value>
                <![CDATA[bernard.bahringer]]>
              </value>
            </param>
          </params>
          <reporter-output>
          </reporter-output>
        </test-method> <!-- test_getUsers -->
        <test-method signature="test_deleteUsers(java.lang.String)[pri:4, instance:api.test.DataDrivenTests@65d6b83b]" started-at="2024-07-05T23:06:34 IST" name="test_deleteUsers" data-provider="UserNames" finished-at="2024-07-05T23:06:35 IST" duration-ms="1156" status="PASS">
          <params>
            <param index="0">
              <value>
                <![CDATA[sammie.wunsch]]>
              </value>
            </param>
          </params>
          <reporter-output>
          </reporter-output>
        </test-method> <!-- test_deleteUsers -->
        <test-method signature="test_deleteUsers(java.lang.String)[pri:4, instance:api.test.DataDrivenTests@65d6b83b]" started-at="2024-07-05T23:06:35 IST" name="test_deleteUsers" data-provider="UserNames" finished-at="2024-07-05T23:06:36 IST" duration-ms="1094" status="PASS">
          <params>
            <param index="0">
              <value>
                <![CDATA[nolan.walter]]>
              </value>
            </param>
          </params>
          <reporter-output>
          </reporter-output>
        </test-method> <!-- test_deleteUsers -->
        <test-method signature="test_deleteUsers(java.lang.String)[pri:4, instance:api.test.DataDrivenTests@65d6b83b]" started-at="2024-07-05T23:06:36 IST" name="test_deleteUsers" data-provider="UserNames" finished-at="2024-07-05T23:06:37 IST" duration-ms="1173" status="PASS">
          <params>
            <param index="0">
              <value>
                <![CDATA[bernard.bahringer]]>
              </value>
            </param>
          </params>
          <reporter-output>
          </reporter-output>
        </test-method> <!-- test_deleteUsers -->
      </class> <!-- api.test.DataDrivenTests -->
      <class name="api.test.UserTests">
        <test-method is-config="true" signature="setup()[pri:0, instance:api.test.UserTests@778d1062]" started-at="2024-07-05T23:06:43 IST" name="setup" finished-at="2024-07-05T23:06:43 IST" duration-ms="94" status="PASS">
          <reporter-output>
          </reporter-output>
        </test-method> <!-- setup -->
        <test-method signature="testPostUser()[pri:1, instance:api.test.UserTests@778d1062]" started-at="2024-07-05T23:06:43 IST" name="testPostUser" finished-at="2024-07-05T23:06:45 IST" duration-ms="1094" status="PASS">
          <reporter-output>
          </reporter-output>
        </test-method> <!-- testPostUser -->
        <test-method signature="testGetUser()[pri:2, instance:api.test.UserTests@778d1062]" started-at="2024-07-05T23:06:45 IST" name="testGetUser" finished-at="2024-07-05T23:06:46 IST" duration-ms="1094" status="PASS">
          <reporter-output>
          </reporter-output>
        </test-method> <!-- testGetUser -->
        <test-method signature="testUpdateUser()[pri:3, instance:api.test.UserTests@778d1062]" started-at="2024-07-05T23:06:46 IST" name="testUpdateUser" finished-at="2024-07-05T23:06:48 IST" duration-ms="2361" status="PASS">
          <reporter-output>
          </reporter-output>
        </test-method> <!-- testUpdateUser -->
        <test-method signature="testDeleteUser()[pri:4, instance:api.test.UserTests@778d1062]" started-at="2024-07-05T23:06:48 IST" name="testDeleteUser" finished-at="2024-07-05T23:06:49 IST" duration-ms="1113" status="PASS">
          <reporter-output>
          </reporter-output>
        </test-method> <!-- testDeleteUser -->
      </class> <!-- api.test.UserTests -->
      <class name="api.test.PetTests">
        <test-method is-config="true" signature="setup()[pri:0, instance:api.test.PetTests@2b6faea6]" started-at="2024-07-05T23:06:37 IST" name="setup" finished-at="2024-07-05T23:06:38 IST" duration-ms="171" status="PASS">
          <reporter-output>
          </reporter-output>
        </test-method> <!-- setup -->
        <test-method signature="test_pet_post_url()[pri:1, instance:api.test.PetTests@2b6faea6]" started-at="2024-07-05T23:06:38 IST" name="test_pet_post_url" finished-at="2024-07-05T23:06:39 IST" duration-ms="1188" status="PASS">
          <reporter-output>
          </reporter-output>
        </test-method> <!-- test_pet_post_url -->
        <test-method signature="test_pet_get_url()[pri:2, instance:api.test.PetTests@2b6faea6]" started-at="2024-07-05T23:06:39 IST" name="test_pet_get_url" finished-at="2024-07-05T23:06:40 IST" duration-ms="1126" status="PASS">
          <reporter-output>
          </reporter-output>
        </test-method> <!-- test_pet_get_url -->
        <test-method signature="test_pet_put_url()[pri:3, instance:api.test.PetTests@2b6faea6]" started-at="2024-07-05T23:06:40 IST" name="test_pet_put_url" finished-at="2024-07-05T23:06:42 IST" duration-ms="2330" status="PASS">
          <reporter-output>
          </reporter-output>
        </test-method> <!-- test_pet_put_url -->
        <test-method signature="test_pet_delete_url()[pri:4, instance:api.test.PetTests@2b6faea6]" started-at="2024-07-05T23:06:42 IST" name="test_pet_delete_url" finished-at="2024-07-05T23:06:43 IST" duration-ms="1157" status="PASS">
          <reporter-output>
          </reporter-output>
        </test-method> <!-- test_pet_delete_url -->
      </class> <!-- api.test.PetTests -->
    </test> <!-- Surefire test -->
  </suite> <!-- Surefire suite -->
</testng-results>
