<?xml version="1.0" encoding="UTF-8"?>
<testng-results ignored="0" total="4" passed="4" failed="0" skipped="0">
  <reporter-output>
  </reporter-output>
  <suite started-at="2024-07-05T19:16:24 IST" name="Default suite" finished-at="2024-07-05T19:16:33 IST" duration-ms="8357">
    <groups>
    </groups>
    <test started-at="2024-07-05T19:16:24 IST" name="Default test" finished-at="2024-07-05T19:16:33 IST" duration-ms="8357">
      <class name="api.test.PetTests">
        <test-method is-config="true" signature="setup()[pri:0, instance:api.test.PetTests@1ffaf86]" started-at="2024-07-05T19:16:24 IST" name="setup" finished-at="2024-07-05T19:16:24 IST" duration-ms="133" status="PASS">
          <reporter-output>
          </reporter-output>
        </test-method> <!-- setup -->
        <test-method signature="test_pet_post_url()[pri:1, instance:api.test.PetTests@1ffaf86]" started-at="2024-07-05T19:16:24 IST" name="test_pet_post_url" finished-at="2024-07-05T19:16:28 IST" duration-ms="3409" status="PASS">
          <reporter-output>
          </reporter-output>
        </test-method> <!-- test_pet_post_url -->
        <test-method signature="test_pet_get_url()[pri:2, instance:api.test.PetTests@1ffaf86]" started-at="2024-07-05T19:16:28 IST" name="test_pet_get_url" finished-at="2024-07-05T19:16:29 IST" duration-ms="1216" status="PASS">
          <reporter-output>
          </reporter-output>
        </test-method> <!-- test_pet_get_url -->
        <test-method signature="test_pet_put_url()[pri:3, instance:api.test.PetTests@1ffaf86]" started-at="2024-07-05T19:16:29 IST" name="test_pet_put_url" finished-at="2024-07-05T19:16:31 IST" duration-ms="2373" status="PASS">
          <reporter-output>
          </reporter-output>
        </test-method> <!-- test_pet_put_url -->
        <test-method signature="test_pet_delete_url()[pri:4, instance:api.test.PetTests@1ffaf86]" started-at="2024-07-05T19:16:31 IST" name="test_pet_delete_url" finished-at="2024-07-05T19:16:33 IST" duration-ms="1167" status="PASS">
          <reporter-output>
          </reporter-output>
        </test-method> <!-- test_pet_delete_url -->
      </class> <!-- api.test.PetTests -->
    </test> <!-- Default test -->
  </suite> <!-- Default suite -->
</testng-results>
