<?xml version="1.0" encoding="UTF-8"?>
<!-- Generated by org.testng.reporters.JUnitXMLReporter -->
<testsuite ignored="0" hostname="LAPTOP-2EFVOM3E" failures="0" tests="4" name="PetTests" time="17.688" errors="0" timestamp="2024-07-04T22:14:05 IST">
  <testcase classname="api.test.UserTests2" name="testPostUser" time="7.952"/>
  <testcase classname="api.test.UserTests2" name="testGetUser" time="1.187"/>
  <testcase classname="api.test.UserTests2" name="testUpdateUser" time="2.392"/>
  <testcase classname="api.test.UserTests2" name="testDeleteUser" time="1.194"/>
</testsuite> <!-- PetTests -->
