<?xml version="1.0" encoding="UTF-8"?>
<!-- Generated by org.testng.reporters.JUnitXMLReporter -->
<testsuite ignored="0" hostname="LAPTOP-2EFVOM3E" failures="0" tests="4" name="PetTests" time="9.596" errors="0" timestamp="2024-07-04T21:20:02 IST">
  <testcase classname="api.test.UserTests2" name="testPostUser" time="2.949"/>
  <testcase classname="api.test.UserTests2" name="testGetUser" time="2.006"/>
  <testcase classname="api.test.UserTests2" name="testUpdateUser" time="2.4"/>
  <testcase classname="api.test.UserTests2" name="testDeleteUser" time="1.157"/>
</testsuite> <!-- PetTests -->
